<?xml version="1.0" encoding="UTF-8"?>
<!-- Generated by org.testng.reporters.JUnitReportReporter -->
<testsuite hostname="Apurvs-MacBook-Pro.local" failures="0" tests="2" name="Wahoo.WahooFitnessTest.RemoveViewEditCartTest" time="37.314" errors="0" timestamp="2020-12-14T16:08:47 IST" skipped="0">
  <testcase classname="Wahoo.WahooFitnessTest.RemoveViewEditCartTest" name="removeItem" time="2.449"/>
  <testcase classname="Wahoo.WahooFitnessTest.RemoveViewEditCartTest" name="viewAndEditCart" time="34.865"/>
</testsuite> <!-- Wahoo.WahooFitnessTest.RemoveViewEditCartTest -->
