<?xml version="1.0" encoding="UTF-8"?>
<!-- Generated by org.testng.reporters.JUnitReportReporter -->
<testsuite hostname="Apurvs-MacBook-Pro.local" failures="0" tests="1" name="Wahoo.WahooFitnessTest.RandomProduct" time="173.258" errors="0" timestamp="2020-12-14T10:02:34 IST" skipped="0">
  <testcase classname="Wahoo.WahooFitnessTest.RandomProduct" name="navigationtoHomePage" time="173.258"/>
</testsuite> <!-- Wahoo.WahooFitnessTest.RandomProduct -->
