<?xml version="1.0" encoding="UTF-8"?>
<!-- Generated by org.testng.reporters.JUnitReportReporter -->
<testsuite hostname="Apurvs-MacBook-Pro.local" failures="0" tests="1" name="Wahoo.WahooFitnessTest.CheckoutTest" time="7.466" errors="0" timestamp="2020-12-14T16:08:47 IST" skipped="0">
  <testcase classname="Wahoo.WahooFitnessTest.CheckoutTest" name="placeOrder" time="7.466"/>
</testsuite> <!-- Wahoo.WahooFitnessTest.CheckoutTest -->
