<?xml version="1.0" encoding="UTF-8"?>
<!-- Generated by org.testng.reporters.JUnitReportReporter -->
<testsuite hostname="Apurvs-MacBook-Pro.local" failures="0" tests="1" name="Wahoo.WahooFitnessTest.AppTest" time="0.000" errors="0" timestamp="2020-12-14T12:11:11 IST" skipped="1">
  <testcase classname="Wahoo.WahooFitnessTest.AppTest" name="testApp" time="0.000">
    <skipped/>
  </testcase> <!-- testApp -->
</testsuite> <!-- Wahoo.WahooFitnessTest.AppTest -->
